<?xml version="1.0" encoding="UTF-8"?>
<!-- Generated by org.testng.reporters.JUnitReportReporter -->
<testsuite hostname="Renikuntaas" failures="0" tests="1" name="excelhandling.ExcelfilereadData" time="2.569" errors="0" timestamp="2023-05-16T16:31:30 IST" skipped="0">
  <testcase classname="excelhandling.ExcelfilereadData" name="test1" time="2.569"/>
  <system-out/>
</testsuite> <!-- excelhandling.ExcelfilereadData -->
