<?xml version="1.0" encoding="UTF-8"?>
<!-- Generated by org.testng.reporters.JUnitReportReporter -->
<testsuite hostname="Renikuntaas" failures="0" tests="1" name="excelhandling.Excelfile1" time="19.503" errors="0" timestamp="2023-05-16T19:53:22 IST" skipped="0">
  <testcase classname="excelhandling.Excelfile1" name="test1" time="19.503"/>
  <system-out/>
</testsuite> <!-- excelhandling.Excelfile1 -->
